Build started 3/22/2015 10:30:42 PM.
     1>Project "C:\Users\mahkapo\Desktop\tamrin ba visual studio\Using_GOTO_10_salam\Using_GOTO_10_salam\Using_GOTO_10_salam.vcxproj" on node 2 (Build target(s)).
     1>ClCompile:
         C:\Program Files (x86)\Microsoft Visual Studio 12.0\VC\bin\CL.exe /c /ZI /nologo /W3 /WX- /sdl /Od /Oy- /D WIN32 /D _DEBUG /D _CONSOLE /D _LIB /D _UNICODE /D UNICODE /Gm /EHsc /RTC1 /MDd /GS /fp:precise /Zc:wchar_t /Zc:forScope /Fo"Debug\\" /Fd"Debug\vc120.pdb" /Gd /TP /analyze- /errorReport:prompt 10_salam_using_Goto.cpp
         10_salam_using_Goto.cpp
     1>c:\users\mahkapo\desktop\tamrin ba visual studio\using_goto_10_salam\using_goto_10_salam\10_salam_using_goto.cpp(8): error C2059: syntax error : 'constant'
     1>Done Building Project "C:\Users\mahkapo\Desktop\tamrin ba visual studio\Using_GOTO_10_salam\Using_GOTO_10_salam\Using_GOTO_10_salam.vcxproj" (Build target(s)) -- FAILED.

Build FAILED.

Time Elapsed 00:00:00.47
